14:06:07 **** Incremental Build of configuration Release for project arduino_s2 ****
make all 
Building file: ../main.c
Invoking: AVR Compiler
avr-gcc -Wall -Os -fpack-struct -fshort-enums -ffunction-sections -fdata-sections -std=gnu99 -funsigned-char -funsigned-bitfields -mmcu=atmega328p -DF_CPU=16000000UL -MMD -MP -MF"main.d" -MT"main.d" -c -o "main.o" "../main.c"
Finished building: ../main.c
 
Building target: arduino_s2.elf
Invoking: AVR C Linker
avr-gcc -Wl,-Map,arduino_s2.map -mmcu=atmega328p -o "arduino_s2.elf"  ./main.o   
Finished building target: arduino_s2.elf
 
Invoking: AVR Create Extended Listing
avr-objdump -h -S arduino_s2.elf  >"arduino_s2.lss"
Finished building: arduino_s2.lss
 
Create Flash image (ihex format)
avr-objcopy -R .eeprom -R .fuse -R .lock -R .signature -O ihex arduino_s2.elf  "arduino_s2.hex"
Finished building: arduino_s2.hex
 
Create eeprom image (ihex format)
avr-objcopy -j .eeprom --no-change-warnings --change-section-lma .eeprom=0 -O ihex arduino_s2.elf  "arduino_s2.eep"
Finished building: arduino_s2.eep
 
Invoking: Print Size
avr-size --format=avr --mcu=atmega328p arduino_s2.elf
AVR Memory Usage
----------------
Device: atmega328p

Program:     208 bytes (0.6% Full)
(.text + .data + .bootloader)

Data:          0 bytes (0.0% Full)
(.data + .bss + .noinit)


Finished building: sizedummy
 

14:06:08 Build Finished (took 421ms)

