09:36:41 **** Build of configuration Debug for project ass ****
make all 
Building file: ../main.c
Invoking: AVR Compiler
avr-gcc -Wall -g2 -gstabs -O0 -fpack-struct -fshort-enums -ffunction-sections -fdata-sections -std=gnu99 -funsigned-char -funsigned-bitfields -mmcu=atmega32 -DF_CPU=8000000UL -MMD -MP -MF"main.d" -MT"main.d" -c -o "main.o" "../main.c"
In file included from ../main.c:10:
c:/winavr-20100110/lib/gcc/../../avr/include/util/delay.h:90:3: warning: #warning "Compiler optimizations disabled; functions from <util/delay.h> won't work as designed"
Finished building: ../main.c
 
Building target: ass.elf
Invoking: AVR C Linker
avr-gcc -Wl,-Map,ass.map -mmcu=atmega32 -o "ass.elf"  ./main.o   
Finished building target: ass.elf
 
Invoking: AVR Create Extended Listing
avr-objdump -h -S ass.elf  >"ass.lss"
Finished building: ass.lss
 
Invoking: Print Size
avr-size --format=avr --mcu=atmega32 ass.elf
AVR Memory Usage
----------------
Device: atmega32

Program:    3272 bytes (10.0% Full)
(.text + .data + .bootloader)

Data:          8 bytes (0.4% Full)
(.data + .bss + .noinit)


Finished building: sizedummy
 

09:36:43 Build Finished (took 1s.410ms)

