20:23:35 **** Incremental Build of configuration Release for project counter0 ****
make all 
Building file: ../main.c
Invoking: AVR Compiler
avr-gcc -Wall -Os -fpack-struct -fshort-enums -ffunction-sections -fdata-sections -std=gnu99 -funsigned-char -funsigned-bitfields -mmcu=atmega32 -DF_CPU=8000000UL -MMD -MP -MF"main.d" -MT"main.d" -c -o "main.o" "../main.c"
Finished building: ../main.c
 
Building target: counter0.elf
Invoking: AVR C Linker
avr-gcc -Wl,-Map,counter0.map -mmcu=atmega32 -o "counter0.elf"  ./COUNTER0.o ./main.o   
Finished building target: counter0.elf
 
Invoking: AVR Create Extended Listing
avr-objdump -h -S counter0.elf  >"counter0.lss"
Finished building: counter0.lss
 
Create Flash image (ihex format)
avr-objcopy -R .eeprom -R .fuse -R .lock -R .signature -O ihex counter0.elf  "counter0.hex"
Finished building: counter0.hex
 
Create eeprom image (ihex format)
avr-objcopy -j .eeprom --no-change-warnings --change-section-lma .eeprom=0 -O ihex counter0.elf  "counter0.eep"
Finished building: counter0.eep
 
Invoking: Print Size
avr-size --format=avr --mcu=atmega32 counter0.elf
AVR Memory Usage
----------------
Device: atmega32

Program:     246 bytes (0.8% Full)
(.text + .data + .bootloader)

Data:          0 bytes (0.0% Full)
(.data + .bss + .noinit)


Finished building: sizedummy
 

20:23:36 Build Finished (took 376ms)

