15:47:12 **** Incremental Build of configuration Release for project eeprom ****
make all 
Building file: ../main.c
Invoking: AVR Compiler
avr-gcc -Wall -Os -fpack-struct -fshort-enums -ffunction-sections -fdata-sections -std=gnu99 -funsigned-char -funsigned-bitfields -mmcu=atmega32 -DF_CPU=8000000UL -MMD -MP -MF"main.d" -MT"main.d" -c -o "main.o" "../main.c"
../main.c: In function 'main':
../main.c:21: warning: unused variable 'z'
Finished building: ../main.c
 
Building target: eeprom.elf
Invoking: AVR C Linker
avr-gcc -Wl,-Map,eeprom.map -mmcu=atmega32 -o "eeprom.elf"  ./KeyPad.o ./LCD_MA.o ./TWI.o ./eeprom.o ./main.o   
Finished building target: eeprom.elf
 
Invoking: AVR Create Extended Listing
avr-objdump -h -S eeprom.elf  >"eeprom.lss"
Finished building: eeprom.lss
 
Create Flash image (ihex format)
avr-objcopy -R .eeprom -R .fuse -R .lock -R .signature -O ihex eeprom.elf  "eeprom.hex"
Finished building: eeprom.hex
 
Create eeprom image (ihex format)
avr-objcopy -j .eeprom --no-change-warnings --change-section-lma .eeprom=0 -O ihex eeprom.elf  "eeprom.eep"
Finished building: eeprom.eep
 
Invoking: Print Size
avr-size --format=avr --mcu=atmega32 eeprom.elf
AVR Memory Usage
----------------
Device: atmega32

Program:     960 bytes (2.9% Full)
(.text + .data + .bootloader)

Data:         14 bytes (0.7% Full)
(.data + .bss + .noinit)


Finished building: sizedummy
 

15:47:12 Build Finished (took 390ms)

