00:46:34 **** Incremental Build of configuration Release for project I2C_AVR_DRIVER ****
make all 
Building file: ../main.c
Invoking: AVR Compiler
avr-gcc -Wall -Os -fpack-struct -fshort-enums -ffunction-sections -fdata-sections -std=gnu99 -funsigned-char -funsigned-bitfields -mmcu=atmega32 -DF_CPU=8000000UL -MMD -MP -MF"main.d" -MT"main.d" -c -o "main.o" "../main.c"
../main.c:49:3: warning: "/*" within comment
../main.c:68:1: warning: "F_CPU" redefined
<command-line>: warning: this is the location of the previous definition
Finished building: ../main.c
 
Building target: I2C_AVR_DRIVER.elf
Invoking: AVR C Linker
avr-gcc -Wl,-Map,I2C_AVR_DRIVER.map -mmcu=atmega32 -o "I2C_AVR_DRIVER.elf"  ./I2C_MA.o ./LCD_MA.o ./main.o   
Finished building target: I2C_AVR_DRIVER.elf
 
Invoking: AVR Create Extended Listing
avr-objdump -h -S I2C_AVR_DRIVER.elf  >"I2C_AVR_DRIVER.lss"
Finished building: I2C_AVR_DRIVER.lss
 
Create Flash image (ihex format)
avr-objcopy -R .eeprom -R .fuse -R .lock -R .signature -O ihex I2C_AVR_DRIVER.elf  "I2C_AVR_DRIVER.hex"
Finished building: I2C_AVR_DRIVER.hex
 
Create eeprom image (ihex format)
avr-objcopy -j .eeprom --no-change-warnings --change-section-lma .eeprom=0 -O ihex I2C_AVR_DRIVER.elf  "I2C_AVR_DRIVER.eep"
Finished building: I2C_AVR_DRIVER.eep
 
Invoking: Print Size
avr-size --format=avr --mcu=atmega32 I2C_AVR_DRIVER.elf
AVR Memory Usage
----------------
Device: atmega32

Program:     768 bytes (2.3% Full)
(.text + .data + .bootloader)

Data:          0 bytes (0.0% Full)
(.data + .bss + .noinit)


Finished building: sizedummy
 

00:46:34 Build Finished (took 479ms)

