20:04:05 **** Incremental Build of configuration Release for project KeyPad ****
make all 
Building file: ../main.c
Invoking: AVR Compiler
avr-gcc -Wall -Os -fpack-struct -fshort-enums -ffunction-sections -fdata-sections -std=gnu99 -funsigned-char -funsigned-bitfields -mmcu=atmega32 -DF_CPU=8000000UL -MMD -MP -MF"main.d" -MT"main.d" -c -o "main.o" "../main.c"
../main.c: In function 'main':
../main.c:20: warning: unused variable 'password'
../main.c:19: warning: unused variable 'cnt'
Finished building: ../main.c
 
Building target: KeyPad.elf
Invoking: AVR C Linker
avr-gcc -Wl,-Map,KeyPad.map -mmcu=atmega32 -o "KeyPad.elf"  ./KeyPad.o ./LCD_MA.o ./main.o   
Finished building target: KeyPad.elf
 
Invoking: AVR Create Extended Listing
avr-objdump -h -S KeyPad.elf  >"KeyPad.lss"
Finished building: KeyPad.lss
 
Create Flash image (ihex format)
avr-objcopy -R .eeprom -R .fuse -R .lock -R .signature -O ihex KeyPad.elf  "KeyPad.hex"
Finished building: KeyPad.hex
 
Create eeprom image (ihex format)
avr-objcopy -j .eeprom --no-change-warnings --change-section-lma .eeprom=0 -O ihex KeyPad.elf  "KeyPad.eep"
Finished building: KeyPad.eep
 
Invoking: Print Size
avr-size --format=avr --mcu=atmega32 KeyPad.elf
AVR Memory Usage
----------------
Device: atmega32

Program:     990 bytes (3.0% Full)
(.text + .data + .bootloader)

Data:         14 bytes (0.7% Full)
(.data + .bss + .noinit)


Finished building: sizedummy
 

20:04:06 Build Finished (took 435ms)

