00:10:35 **** Incremental Build of configuration Release for project leds_xor ****
make all 
Building file: ../main.c
Invoking: AVR Compiler
avr-gcc -Wall -Os -fpack-struct -fshort-enums -ffunction-sections -fdata-sections -std=gnu99 -funsigned-char -funsigned-bitfields -mmcu=atmega32 -DF_CPU=16000000UL -MMD -MP -MF"main.d" -MT"main.d" -c -o "main.o" "../main.c"
Finished building: ../main.c
 
Building target: leds_xor.elf
Invoking: AVR C Linker
avr-gcc -Wl,-Map,leds_xor.map -mmcu=atmega32 -o "leds_xor.elf"  ./main.o   
Finished building target: leds_xor.elf
 
Invoking: AVR Create Extended Listing
avr-objdump -h -S leds_xor.elf  >"leds_xor.lss"
Finished building: leds_xor.lss
 
Create Flash image (ihex format)
avr-objcopy -R .eeprom -R .fuse -R .lock -R .signature -O ihex leds_xor.elf  "leds_xor.hex"
Finished building: leds_xor.hex
 
Create eeprom image (ihex format)
avr-objcopy -j .eeprom --no-change-warnings --change-section-lma .eeprom=0 -O ihex leds_xor.elf  "leds_xor.eep"
Finished building: leds_xor.eep
 
Invoking: Print Size
avr-size --format=avr --mcu=atmega32 leds_xor.elf
AVR Memory Usage
----------------
Device: atmega32

Program:     152 bytes (0.5% Full)
(.text + .data + .bootloader)

Data:          0 bytes (0.0% Full)
(.data + .bss + .noinit)


Finished building: sizedummy
 

00:10:36 Build Finished (took 446ms)

