21:27:41 **** Incremental Build of configuration Release for project pd7_uln2003 ****
make all 
Building file: ../main.c
Invoking: AVR Compiler
avr-gcc -Wall -Os -fpack-struct -fshort-enums -ffunction-sections -fdata-sections -std=gnu99 -funsigned-char -funsigned-bitfields -mmcu=atmega32 -DF_CPU=8000000UL -MMD -MP -MF"main.d" -MT"main.d" -c -o "main.o" "../main.c"
Finished building: ../main.c
 
Building target: pd7_uln2003.elf
Invoking: AVR C Linker
avr-gcc -Wl,-Map,pd7_uln2003.map -mmcu=atmega32 -o "pd7_uln2003.elf"  ./main.o   
Finished building target: pd7_uln2003.elf
 
Invoking: AVR Create Extended Listing
avr-objdump -h -S pd7_uln2003.elf  >"pd7_uln2003.lss"
Finished building: pd7_uln2003.lss
 
Create Flash image (ihex format)
avr-objcopy -R .eeprom -R .fuse -R .lock -R .signature -O ihex pd7_uln2003.elf  "pd7_uln2003.hex"
Finished building: pd7_uln2003.hex
 
Create eeprom image (ihex format)
avr-objcopy -j .eeprom --no-change-warnings --change-section-lma .eeprom=0 -O ihex pd7_uln2003.elf  "pd7_uln2003.eep"
Finished building: pd7_uln2003.eep
 
Invoking: Print Size
avr-size --format=avr --mcu=atmega32 pd7_uln2003.elf
AVR Memory Usage
----------------
Device: atmega32

Program:     156 bytes (0.5% Full)
(.text + .data + .bootloader)

Data:          0 bytes (0.0% Full)
(.data + .bss + .noinit)


Finished building: sizedummy
 

21:27:42 Build Finished (took 489ms)

