15:52:13 **** Incremental Build of configuration Release for project pwm_timer2 ****
make all 
Building file: ../main.c
Invoking: AVR Compiler
avr-gcc -Wall -Os -fpack-struct -fshort-enums -ffunction-sections -fdata-sections -std=gnu99 -funsigned-char -funsigned-bitfields -mmcu=atmega32 -DF_CPU=8000000UL -MMD -MP -MF"main.d" -MT"main.d" -c -o "main.o" "../main.c"
../main.c: In function 'main':
../main.c:32: warning: unused variable 'x'
Finished building: ../main.c
 
Building target: pwm_timer2.elf
Invoking: AVR C Linker
avr-gcc -Wl,-Map,pwm_timer2.map -mmcu=atmega32 -o "pwm_timer2.elf"  ./ADC.o ./PWM_T2.o ./main.o   
Finished building target: pwm_timer2.elf
 
Invoking: AVR Create Extended Listing
avr-objdump -h -S pwm_timer2.elf  >"pwm_timer2.lss"
Finished building: pwm_timer2.lss
 
Create Flash image (ihex format)
avr-objcopy -R .eeprom -R .fuse -R .lock -R .signature -O ihex pwm_timer2.elf  "pwm_timer2.hex"
Finished building: pwm_timer2.hex
 
Create eeprom image (ihex format)
avr-objcopy -j .eeprom --no-change-warnings --change-section-lma .eeprom=0 -O ihex pwm_timer2.elf  "pwm_timer2.eep"
Finished building: pwm_timer2.eep
 
Invoking: Print Size
avr-size --format=avr --mcu=atmega32 pwm_timer2.elf
AVR Memory Usage
----------------
Device: atmega32

Program:     756 bytes (2.3% Full)
(.text + .data + .bootloader)

Data:          0 bytes (0.0% Full)
(.data + .bss + .noinit)


Finished building: sizedummy
 

15:52:16 Build Finished (took 2s.621ms)

