14:11:10 **** Incremental Build of configuration Release for project SPI_master_two_slave ****
make all 
Building file: ../main.c
Invoking: AVR Compiler
avr-gcc -Wall -Os -fpack-struct -fshort-enums -ffunction-sections -fdata-sections -std=gnu99 -funsigned-char -funsigned-bitfields -mmcu=atmega32 -DF_CPU=8000000UL -MMD -MP -MF"main.d" -MT"main.d" -c -o "main.o" "../main.c"
Finished building: ../main.c
 
Building target: SPI_master_two_slave.elf
Invoking: AVR C Linker
avr-gcc -Wl,-Map,SPI_master_two_slave.map -mmcu=atmega32 -o "SPI_master_two_slave.elf"  ./LCD_MA.o ./main.o   
Finished building target: SPI_master_two_slave.elf
 
Invoking: AVR Create Extended Listing
avr-objdump -h -S SPI_master_two_slave.elf  >"SPI_master_two_slave.lss"
Finished building: SPI_master_two_slave.lss
 
Create Flash image (ihex format)
avr-objcopy -R .eeprom -R .fuse -R .lock -R .signature -O ihex SPI_master_two_slave.elf  "SPI_master_two_slave.hex"
Finished building: SPI_master_two_slave.hex
 
Create eeprom image (ihex format)
avr-objcopy -j .eeprom --no-change-warnings --change-section-lma .eeprom=0 -O ihex SPI_master_two_slave.elf  "SPI_master_two_slave.eep"
Finished building: SPI_master_two_slave.eep
 
Invoking: Print Size
avr-size --format=avr --mcu=atmega32 SPI_master_two_slave.elf
AVR Memory Usage
----------------
Device: atmega32

Program:     494 bytes (1.5% Full)
(.text + .data + .bootloader)

Data:          0 bytes (0.0% Full)
(.data + .bss + .noinit)


Finished building: sizedummy
 

14:11:11 Build Finished (took 481ms)

