22:57:28 **** Incremental Build of configuration Release for project stepper ****
make all 
Building file: ../main.c
Invoking: AVR Compiler
avr-gcc -Wall -Os -fpack-struct -fshort-enums -ffunction-sections -fdata-sections -std=gnu99 -funsigned-char -funsigned-bitfields -mmcu=atmega32 -DF_CPU=8000000UL -MMD -MP -MF"main.d" -MT"main.d" -c -o "main.o" "../main.c"
Finished building: ../main.c
 
Building target: stepper.elf
Invoking: AVR C Linker
avr-gcc -Wl,-Map,stepper.map -mmcu=atmega32 -o "stepper.elf"  ./main.o   
Finished building target: stepper.elf
 
Invoking: AVR Create Extended Listing
avr-objdump -h -S stepper.elf  >"stepper.lss"
Finished building: stepper.lss
 
Create Flash image (ihex format)
avr-objcopy -R .eeprom -R .fuse -R .lock -R .signature -O ihex stepper.elf  "stepper.hex"
Finished building: stepper.hex
 
Create eeprom image (ihex format)
avr-objcopy -j .eeprom --no-change-warnings --change-section-lma .eeprom=0 -O ihex stepper.elf  "stepper.eep"
Finished building: stepper.eep
 
Invoking: Print Size
avr-size --format=avr --mcu=atmega32 stepper.elf
AVR Memory Usage
----------------
Device: atmega32

Program:     258 bytes (0.8% Full)
(.text + .data + .bootloader)

Data:          0 bytes (0.0% Full)
(.data + .bss + .noinit)


Finished building: sizedummy
 

22:57:28 Build Finished (took 341ms)

