02:02:53 **** Build of configuration Release for project t1_toggle ****
make all 
Building file: ../main.c
Invoking: AVR Compiler
avr-gcc -Wall -Os -fpack-struct -fshort-enums -ffunction-sections -fdata-sections -std=gnu99 -funsigned-char -funsigned-bitfields -mmcu=atmega32 -DF_CPU=8000000UL -MMD -MP -MF"main.d" -MT"main.d" -c -o "main.o" "../main.c"
Finished building: ../main.c
 
Building target: t1_toggle.elf
Invoking: AVR C Linker
avr-gcc -Wl,-Map,t1_toggle.map -mmcu=atmega32 -o "t1_toggle.elf"  ./main.o   
Finished building target: t1_toggle.elf
 
Invoking: AVR Create Extended Listing
avr-objdump -h -S t1_toggle.elf  >"t1_toggle.lss"
Finished building: t1_toggle.lss
 
Create Flash image (ihex format)
avr-objcopy -R .eeprom -R .fuse -R .lock -R .signature -O ihex t1_toggle.elf  "t1_toggle.hex"
Finished building: t1_toggle.hex
 
Create eeprom image (ihex format)
avr-objcopy -j .eeprom --no-change-warnings --change-section-lma .eeprom=0 -O ihex t1_toggle.elf  "t1_toggle.eep"
Finished building: t1_toggle.eep
 
Invoking: Print Size
avr-size --format=avr --mcu=atmega32 t1_toggle.elf
AVR Memory Usage
----------------
Device: atmega32

Program:     172 bytes (0.5% Full)
(.text + .data + .bootloader)

Data:          0 bytes (0.0% Full)
(.data + .bss + .noinit)


Finished building: sizedummy
 

02:02:56 Build Finished (took 3s.603ms)

