03:00:20 **** Incremental Build of configuration Release for project UART_HC05 ****
make all 
Building file: ../main.c
Invoking: AVR Compiler
avr-gcc -Wall -Os -fpack-struct -fshort-enums -ffunction-sections -fdata-sections -std=gnu99 -funsigned-char -funsigned-bitfields -mmcu=atmega32 -DF_CPU=8000000UL -MMD -MP -MF"main.d" -MT"main.d" -c -o "main.o" "../main.c"
Finished building: ../main.c
 
Building target: UART_HC05.elf
Invoking: AVR C Linker
avr-gcc -Wl,-Map,UART_HC05.map -mmcu=atmega32 -o "UART_HC05.elf"  ./LCD_MA.o ./UART.o ./main.o   
Finished building target: UART_HC05.elf
 
Invoking: AVR Create Extended Listing
avr-objdump -h -S UART_HC05.elf  >"UART_HC05.lss"
Finished building: UART_HC05.lss
 
Create Flash image (ihex format)
avr-objcopy -R .eeprom -R .fuse -R .lock -R .signature -O ihex UART_HC05.elf  "UART_HC05.hex"
Finished building: UART_HC05.hex
 
Create eeprom image (ihex format)
avr-objcopy -j .eeprom --no-change-warnings --change-section-lma .eeprom=0 -O ihex UART_HC05.elf  "UART_HC05.eep"
Finished building: UART_HC05.eep
 
Invoking: Print Size
avr-size --format=avr --mcu=atmega32 UART_HC05.elf
AVR Memory Usage
----------------
Device: atmega32

Program:     828 bytes (2.5% Full)
(.text + .data + .bootloader)

Data:         14 bytes (0.7% Full)
(.data + .bss + .noinit)


Finished building: sizedummy
 

03:00:20 Build Finished (took 505ms)

