14:26:27 **** Incremental Build of configuration Release for project ultrasonic_timer2 ****
make all 
Building file: ../main.c
Invoking: AVR Compiler
avr-gcc -Wall -Os -fpack-struct -fshort-enums -ffunction-sections -fdata-sections -std=gnu99 -funsigned-char -funsigned-bitfields -mmcu=atmega32 -DF_CPU=8000000UL -MMD -MP -MF"main.d" -MT"main.d" -c -o "main.o" "../main.c"
Finished building: ../main.c
 
Building target: ultrasonic_timer2.elf
Invoking: AVR C Linker
avr-gcc -Wl,-Map,ultrasonic_timer2.map -mmcu=atmega32 -o "ultrasonic_timer2.elf"  ./LCD_MA.o ./main.o ./timer2_normal.o ./ultrasonic_HCSR04.o   
Finished building target: ultrasonic_timer2.elf
 
Invoking: AVR Create Extended Listing
avr-objdump -h -S ultrasonic_timer2.elf  >"ultrasonic_timer2.lss"
Finished building: ultrasonic_timer2.lss
 
Create Flash image (ihex format)
avr-objcopy -R .eeprom -R .fuse -R .lock -R .signature -O ihex ultrasonic_timer2.elf  "ultrasonic_timer2.hex"
Finished building: ultrasonic_timer2.hex
 
Create eeprom image (ihex format)
avr-objcopy -j .eeprom --no-change-warnings --change-section-lma .eeprom=0 -O ihex ultrasonic_timer2.elf  "ultrasonic_timer2.eep"
Finished building: ultrasonic_timer2.eep
 
Invoking: Print Size
avr-size --format=avr --mcu=atmega32 ultrasonic_timer2.elf
AVR Memory Usage
----------------
Device: atmega32

Program:    4236 bytes (12.9% Full)
(.text + .data + .bootloader)

Data:        280 bytes (13.7% Full)
(.data + .bss + .noinit)


Finished building: sizedummy
 

14:26:28 Build Finished (took 905ms)

